2025-11-14 16:29:18,385 [trainer.py] => config: exps/simplecil_mist/imagenetr_simplecil.json
2025-11-14 16:29:18,385 [trainer.py] => prefix: exp
2025-11-14 16:29:18,385 [trainer.py] => dataset: imagenetr
2025-11-14 16:29:18,385 [trainer.py] => memory_size: 2000
2025-11-14 16:29:18,385 [trainer.py] => memory_per_class: 20
2025-11-14 16:29:18,385 [trainer.py] => fixed_memory: False
2025-11-14 16:29:18,385 [trainer.py] => shuffle: True
2025-11-14 16:29:18,385 [trainer.py] => init_cls: 20
2025-11-14 16:29:18,385 [trainer.py] => increment: 20
2025-11-14 16:29:18,385 [trainer.py] => model_name: simplecil_mist
2025-11-14 16:29:18,385 [trainer.py] => convnet_type: pretrained_vit_b16_224_in21k
2025-11-14 16:29:18,385 [trainer.py] => weight_decay: 0.0005
2025-11-14 16:29:18,385 [trainer.py] => prompt_token_num: 30
2025-11-14 16:29:18,385 [trainer.py] => ffn_num: 64
2025-11-14 16:29:18,385 [trainer.py] => optimizer: sgd
2025-11-14 16:29:18,385 [trainer.py] => min_lr: 0
2025-11-14 16:29:18,385 [trainer.py] => device: [device(type='cuda', index=0)]
2025-11-14 16:29:18,385 [trainer.py] => seed: 1993
2025-11-14 16:29:18,385 [trainer.py] => batch_size: 56
2025-11-14 16:29:18,385 [trainer.py] => spr: mist
2025-11-14 16:29:18,385 [trainer.py] => select_rate: 0.1
2025-11-14 16:29:18,385 [trainer.py] => drop_rate: 0.9
2025-11-14 16:29:18,385 [trainer.py] => mi_epochs: 20
2025-11-14 16:29:18,438 [data_manager.py] => [168, 136, 51, 9, 183, 101, 171, 99, 42, 159, 191, 70, 16, 188, 27, 10, 175, 26, 68, 187, 98, 6, 85, 35, 112, 43, 100, 0, 103, 181, 88, 59, 4, 2, 116, 174, 94, 80, 106, 1, 147, 17, 141, 131, 72, 23, 173, 54, 197, 118, 87, 32, 79, 104, 91, 19, 135, 107, 178, 36, 11, 199, 142, 8, 122, 3, 28, 57, 153, 172, 190, 56, 49, 44, 97, 62, 151, 169, 194, 55, 192, 12, 189, 78, 66, 180, 15, 137, 109, 134, 92, 119, 126, 52, 170, 40, 148, 65, 144, 64, 138, 45, 77, 89, 154, 90, 71, 193, 74, 30, 113, 143, 96, 84, 67, 50, 186, 156, 69, 21, 18, 111, 108, 58, 125, 157, 150, 110, 182, 129, 166, 83, 81, 60, 13, 165, 14, 176, 63, 117, 5, 22, 145, 121, 38, 41, 82, 127, 114, 20, 31, 53, 37, 163, 196, 130, 152, 162, 86, 76, 24, 34, 184, 149, 33, 128, 198, 155, 146, 167, 139, 120, 140, 102, 47, 25, 158, 123, 46, 164, 61, 7, 115, 75, 133, 160, 105, 132, 179, 124, 48, 73, 93, 39, 95, 195, 29, 177, 185, 161]
2025-11-14 16:29:20,735 [trainer.py] => All params: 85897088
2025-11-14 16:29:20,736 [trainer.py] => Trainable params: 85897088
2025-11-14 16:29:20,736 [simplecil_mist.py] => Learning on 0-20
2025-11-14 16:29:42,582 [simplecil_mist.py] => Task 0, Epoch 1/20 => Loss 18.086
2025-11-14 16:30:04,887 [simplecil_mist.py] => Task 0, Epoch 2/20 => miLoss 14.982
2025-11-14 16:30:27,241 [simplecil_mist.py] => Task 0, Epoch 3/20 => miLoss 14.106
2025-11-14 16:30:49,697 [simplecil_mist.py] => Task 0, Epoch 4/20 => miLoss 13.760
2025-11-14 16:31:12,129 [simplecil_mist.py] => Task 0, Epoch 5/20 => miLoss 13.635
2025-11-14 16:31:34,603 [simplecil_mist.py] => Task 0, Epoch 6/20 => miLoss 13.635
2025-11-14 16:31:57,121 [simplecil_mist.py] => Task 0, Epoch 7/20 => miLoss 13.519
2025-11-14 16:32:19,679 [simplecil_mist.py] => Task 0, Epoch 8/20 => miLoss 13.404
2025-11-14 16:32:42,201 [simplecil_mist.py] => Task 0, Epoch 9/20 => miLoss 13.354
2025-11-14 16:33:04,829 [simplecil_mist.py] => Task 0, Epoch 10/20 => miLoss 13.394
2025-11-14 16:33:27,395 [simplecil_mist.py] => Task 0, Epoch 11/20 => miLoss 13.242
2025-11-14 16:33:49,928 [simplecil_mist.py] => Task 0, Epoch 12/20 => miLoss 13.312
2025-11-14 16:34:12,465 [simplecil_mist.py] => Task 0, Epoch 13/20 => miLoss 13.273
2025-11-14 16:34:35,028 [simplecil_mist.py] => Task 0, Epoch 14/20 => miLoss 13.320
2025-11-14 16:34:57,634 [simplecil_mist.py] => Task 0, Epoch 15/20 => miLoss 13.179
2025-11-14 16:35:20,246 [simplecil_mist.py] => Task 0, Epoch 16/20 => miLoss 13.176
2025-11-14 16:35:42,841 [simplecil_mist.py] => Task 0, Epoch 17/20 => miLoss 13.149
2025-11-14 16:36:05,398 [simplecil_mist.py] => Task 0, Epoch 18/20 => miLoss 13.132
2025-11-14 16:36:27,951 [simplecil_mist.py] => Task 0, Epoch 19/20 => miLoss 13.159
2025-11-14 16:36:50,553 [simplecil_mist.py] => Task 0, Epoch 20/20 => miLoss 13.107
2025-11-14 16:36:56,003 [trainer.py] => No NME accuracy.
2025-11-14 16:36:56,003 [trainer.py] => CNN: {'total': 92.31, '00-09': 89.91, '10-19': 94.35, 'old': 0, 'new': 92.31}
2025-11-14 16:36:56,003 [trainer.py] => Att_curve: [92.31]
2025-11-14 16:36:56,003 [trainer.py] => CNN top1 curve: [92.31]
2025-11-14 16:36:56,003 [trainer.py] => CNN top5 curve: [98.69]

2025-11-14 16:36:56,003 [trainer.py] => Average Accuracy (CNN): 92.31
2025-11-14 16:36:56,003 [trainer.py] => Last Average Accuracy: 92.31
2025-11-14 16:36:56,003 [trainer.py] => A_tt: 92.31
2025-11-14 16:36:56,003 [trainer.py] => All params: 85912449
2025-11-14 16:36:56,004 [trainer.py] => Trainable params: 85912449
2025-11-14 16:36:56,004 [simplecil_mist.py] => Learning on 20-40
2025-11-14 16:37:15,313 [simplecil_mist.py] => Task 1, Epoch 1/20 => Loss 14.492
2025-11-14 16:37:35,967 [simplecil_mist.py] => Task 1, Epoch 2/20 => miLoss 14.245
2025-11-14 16:37:56,700 [simplecil_mist.py] => Task 1, Epoch 3/20 => miLoss 13.896
2025-11-14 16:38:17,346 [simplecil_mist.py] => Task 1, Epoch 4/20 => miLoss 13.749
2025-11-14 16:38:38,070 [simplecil_mist.py] => Task 1, Epoch 5/20 => miLoss 13.673
2025-11-14 16:38:58,707 [simplecil_mist.py] => Task 1, Epoch 6/20 => miLoss 13.528
2025-11-14 16:39:19,455 [simplecil_mist.py] => Task 1, Epoch 7/20 => miLoss 13.516
2025-11-14 16:39:40,190 [simplecil_mist.py] => Task 1, Epoch 8/20 => miLoss 13.462
2025-11-14 16:40:00,889 [simplecil_mist.py] => Task 1, Epoch 9/20 => miLoss 13.424
2025-11-14 16:40:21,646 [simplecil_mist.py] => Task 1, Epoch 10/20 => miLoss 13.367
2025-11-14 16:40:42,351 [simplecil_mist.py] => Task 1, Epoch 11/20 => miLoss 13.353
2025-11-14 16:41:03,012 [simplecil_mist.py] => Task 1, Epoch 12/20 => miLoss 13.237
2025-11-14 16:41:23,695 [simplecil_mist.py] => Task 1, Epoch 13/20 => miLoss 13.310
2025-11-14 16:41:44,356 [simplecil_mist.py] => Task 1, Epoch 14/20 => miLoss 13.315
2025-11-14 16:42:05,014 [simplecil_mist.py] => Task 1, Epoch 15/20 => miLoss 13.257
2025-11-14 16:42:25,705 [simplecil_mist.py] => Task 1, Epoch 16/20 => miLoss 13.313
2025-11-14 16:42:46,398 [simplecil_mist.py] => Task 1, Epoch 17/20 => miLoss 13.216
2025-11-14 16:43:07,101 [simplecil_mist.py] => Task 1, Epoch 18/20 => miLoss 13.241
2025-11-14 16:43:27,764 [simplecil_mist.py] => Task 1, Epoch 19/20 => miLoss 13.212
2025-11-14 16:43:48,491 [simplecil_mist.py] => Task 1, Epoch 20/20 => miLoss 13.068
2025-11-14 16:43:54,418 [trainer.py] => No NME accuracy.
2025-11-14 16:43:54,418 [trainer.py] => CNN: {'total': 86.53, '00-09': 81.39, '10-19': 86.29, '20-29': 88.33, '30-39': 90.06, 'old': 84.03, 'new': 89.24}
2025-11-14 16:43:54,418 [trainer.py] => Att_curve: [92.31, 89.24]
2025-11-14 16:43:54,418 [trainer.py] => CNN top1 curve: [92.31, 86.53]
2025-11-14 16:43:54,418 [trainer.py] => CNN top5 curve: [98.69, 97.12]

2025-11-14 16:43:54,418 [trainer.py] => Average Accuracy (CNN): 89.42
2025-11-14 16:43:54,418 [trainer.py] => Last Average Accuracy: 86.53
2025-11-14 16:43:54,418 [trainer.py] => A_tt: 90.775
2025-11-14 16:43:54,419 [trainer.py] => All params: 85927809
2025-11-14 16:43:54,419 [trainer.py] => Trainable params: 85927809
2025-11-14 16:43:54,419 [simplecil_mist.py] => Learning on 40-60
2025-11-14 16:44:12,145 [simplecil_mist.py] => Task 2, Epoch 1/20 => Loss 14.465
2025-11-14 16:44:31,114 [simplecil_mist.py] => Task 2, Epoch 2/20 => miLoss 14.384
2025-11-14 16:44:50,097 [simplecil_mist.py] => Task 2, Epoch 3/20 => miLoss 14.069
2025-11-14 16:45:09,105 [simplecil_mist.py] => Task 2, Epoch 4/20 => miLoss 14.026
2025-11-14 16:45:28,033 [simplecil_mist.py] => Task 2, Epoch 5/20 => miLoss 13.797
2025-11-14 16:45:47,046 [simplecil_mist.py] => Task 2, Epoch 6/20 => miLoss 13.794
2025-11-14 16:46:06,024 [simplecil_mist.py] => Task 2, Epoch 7/20 => miLoss 13.701
2025-11-14 16:46:25,010 [simplecil_mist.py] => Task 2, Epoch 8/20 => miLoss 13.639
2025-11-14 16:46:43,991 [simplecil_mist.py] => Task 2, Epoch 9/20 => miLoss 13.746
2025-11-14 16:47:02,964 [simplecil_mist.py] => Task 2, Epoch 10/20 => miLoss 13.612
2025-11-14 16:47:21,906 [simplecil_mist.py] => Task 2, Epoch 11/20 => miLoss 13.458
2025-11-14 16:47:40,915 [simplecil_mist.py] => Task 2, Epoch 12/20 => miLoss 13.429
2025-11-14 16:47:59,838 [simplecil_mist.py] => Task 2, Epoch 13/20 => miLoss 13.625
2025-11-14 16:48:18,771 [simplecil_mist.py] => Task 2, Epoch 14/20 => miLoss 13.471
2025-11-14 16:48:37,689 [simplecil_mist.py] => Task 2, Epoch 15/20 => miLoss 13.397
2025-11-14 16:48:56,625 [simplecil_mist.py] => Task 2, Epoch 16/20 => miLoss 13.385
2025-11-14 16:49:15,558 [simplecil_mist.py] => Task 2, Epoch 17/20 => miLoss 13.452
2025-11-14 16:49:34,569 [simplecil_mist.py] => Task 2, Epoch 18/20 => miLoss 13.423
2025-11-14 16:49:53,505 [simplecil_mist.py] => Task 2, Epoch 19/20 => miLoss 13.336
2025-11-14 16:50:12,452 [simplecil_mist.py] => Task 2, Epoch 20/20 => miLoss 13.328
2025-11-14 16:50:18,955 [trainer.py] => No NME accuracy.
2025-11-14 16:50:18,955 [trainer.py] => CNN: {'total': 84.33, '00-09': 78.86, '10-19': 83.6, '20-29': 82.33, '30-39': 84.94, '40-49': 89.74, '50-59': 86.84, 'old': 82.51, 'new': 88.28}
2025-11-14 16:50:18,955 [trainer.py] => Att_curve: [92.31, 89.24, 88.28]
2025-11-14 16:50:18,955 [trainer.py] => CNN top1 curve: [92.31, 86.53, 84.33]
2025-11-14 16:50:18,955 [trainer.py] => CNN top5 curve: [98.69, 97.12, 94.71]

2025-11-14 16:50:18,955 [trainer.py] => Average Accuracy (CNN): 87.72333333333334
2025-11-14 16:50:18,955 [trainer.py] => Last Average Accuracy: 84.33
2025-11-14 16:50:18,955 [trainer.py] => A_tt: 89.94333333333334
2025-11-14 16:50:18,956 [trainer.py] => All params: 85943169
2025-11-14 16:50:18,956 [trainer.py] => Trainable params: 85943169
2025-11-14 16:50:18,956 [simplecil_mist.py] => Learning on 60-80
2025-11-14 16:50:36,262 [simplecil_mist.py] => Task 3, Epoch 1/20 => Loss 14.336
2025-11-14 16:50:54,815 [simplecil_mist.py] => Task 3, Epoch 2/20 => miLoss 14.063
2025-11-14 16:51:13,418 [simplecil_mist.py] => Task 3, Epoch 3/20 => miLoss 13.833
2025-11-14 16:51:31,948 [simplecil_mist.py] => Task 3, Epoch 4/20 => miLoss 13.711
2025-11-14 16:51:50,505 [simplecil_mist.py] => Task 3, Epoch 5/20 => miLoss 13.645
2025-11-14 16:52:09,105 [simplecil_mist.py] => Task 3, Epoch 6/20 => miLoss 13.516
2025-11-14 16:52:27,661 [simplecil_mist.py] => Task 3, Epoch 7/20 => miLoss 13.474
2025-11-14 16:52:46,280 [simplecil_mist.py] => Task 3, Epoch 8/20 => miLoss 13.359
2025-11-14 16:53:04,860 [simplecil_mist.py] => Task 3, Epoch 9/20 => miLoss 13.432
2025-11-14 16:53:23,394 [simplecil_mist.py] => Task 3, Epoch 10/20 => miLoss 13.371
2025-11-14 16:53:41,994 [simplecil_mist.py] => Task 3, Epoch 11/20 => miLoss 13.301
2025-11-14 16:54:00,523 [simplecil_mist.py] => Task 3, Epoch 12/20 => miLoss 13.280
2025-11-14 16:54:19,051 [simplecil_mist.py] => Task 3, Epoch 13/20 => miLoss 13.308
2025-11-14 16:54:37,594 [simplecil_mist.py] => Task 3, Epoch 14/20 => miLoss 13.327
2025-11-14 16:54:56,154 [simplecil_mist.py] => Task 3, Epoch 15/20 => miLoss 13.250
2025-11-14 16:55:14,674 [simplecil_mist.py] => Task 3, Epoch 16/20 => miLoss 13.252
2025-11-14 16:55:33,235 [simplecil_mist.py] => Task 3, Epoch 17/20 => miLoss 13.159
2025-11-14 16:55:51,795 [simplecil_mist.py] => Task 3, Epoch 18/20 => miLoss 13.098
2025-11-14 16:56:10,346 [simplecil_mist.py] => Task 3, Epoch 19/20 => miLoss 13.148
2025-11-14 16:56:28,882 [simplecil_mist.py] => Task 3, Epoch 20/20 => miLoss 13.172
2025-11-14 16:56:36,075 [trainer.py] => No NME accuracy.
2025-11-14 16:56:36,075 [trainer.py] => CNN: {'total': 81.75, '00-09': 75.08, '10-19': 79.84, '20-29': 77.67, '30-39': 82.83, '40-49': 83.77, '50-59': 80.26, '60-69': 85.57, '70-79': 90.48, 'old': 79.92, 'new': 87.92}
2025-11-14 16:56:36,075 [trainer.py] => Att_curve: [92.31, 89.24, 88.28, 87.92]
2025-11-14 16:56:36,075 [trainer.py] => CNN top1 curve: [92.31, 86.53, 84.33, 81.75]
2025-11-14 16:56:36,075 [trainer.py] => CNN top5 curve: [98.69, 97.12, 94.71, 92.59]

2025-11-14 16:56:36,075 [trainer.py] => Average Accuracy (CNN): 86.23
2025-11-14 16:56:36,075 [trainer.py] => Last Average Accuracy: 81.75
2025-11-14 16:56:36,075 [trainer.py] => A_tt: 89.43750000000001
2025-11-14 16:56:36,075 [trainer.py] => All params: 85958529
2025-11-14 16:56:36,076 [trainer.py] => Trainable params: 85958529
2025-11-14 16:56:36,076 [simplecil_mist.py] => Learning on 80-100
2025-11-14 16:56:52,557 [simplecil_mist.py] => Task 4, Epoch 1/20 => Loss 14.407
2025-11-14 16:57:10,203 [simplecil_mist.py] => Task 4, Epoch 2/20 => miLoss 14.207
2025-11-14 16:57:27,881 [simplecil_mist.py] => Task 4, Epoch 3/20 => miLoss 14.002
2025-11-14 16:57:45,473 [simplecil_mist.py] => Task 4, Epoch 4/20 => miLoss 13.820
2025-11-14 16:58:03,094 [simplecil_mist.py] => Task 4, Epoch 5/20 => miLoss 13.637
2025-11-14 16:58:20,689 [simplecil_mist.py] => Task 4, Epoch 6/20 => miLoss 13.562
2025-11-14 16:58:38,284 [simplecil_mist.py] => Task 4, Epoch 7/20 => miLoss 13.394
2025-11-14 16:58:55,856 [simplecil_mist.py] => Task 4, Epoch 8/20 => miLoss 13.421
2025-11-14 16:59:13,447 [simplecil_mist.py] => Task 4, Epoch 9/20 => miLoss 13.436
2025-11-14 16:59:31,093 [simplecil_mist.py] => Task 4, Epoch 10/20 => miLoss 13.276
2025-11-14 16:59:48,693 [simplecil_mist.py] => Task 4, Epoch 11/20 => miLoss 13.333
2025-11-14 17:00:06,387 [simplecil_mist.py] => Task 4, Epoch 12/20 => miLoss 13.344
2025-11-14 17:00:24,037 [simplecil_mist.py] => Task 4, Epoch 13/20 => miLoss 13.253
2025-11-14 17:00:41,621 [simplecil_mist.py] => Task 4, Epoch 14/20 => miLoss 13.255
2025-11-14 17:00:59,192 [simplecil_mist.py] => Task 4, Epoch 15/20 => miLoss 13.262
2025-11-14 17:01:16,796 [simplecil_mist.py] => Task 4, Epoch 16/20 => miLoss 13.265
2025-11-14 17:01:34,428 [simplecil_mist.py] => Task 4, Epoch 17/20 => miLoss 13.278
2025-11-14 17:01:52,037 [simplecil_mist.py] => Task 4, Epoch 18/20 => miLoss 13.214
2025-11-14 17:02:09,632 [simplecil_mist.py] => Task 4, Epoch 19/20 => miLoss 13.288
2025-11-14 17:02:27,235 [simplecil_mist.py] => Task 4, Epoch 20/20 => miLoss 13.176
2025-11-14 17:02:34,972 [trainer.py] => No NME accuracy.
2025-11-14 17:02:34,972 [trainer.py] => CNN: {'total': 79.26, '00-09': 71.92, '10-19': 79.3, '20-29': 77.67, '30-39': 80.42, '40-49': 78.48, '50-59': 78.29, '60-69': 78.86, '70-79': 84.25, '80-89': 84.19, '90-99': 80.23, 'old': 78.58, 'new': 82.75}
2025-11-14 17:02:34,972 [trainer.py] => Att_curve: [92.31, 89.24, 88.28, 87.92, 82.75]
2025-11-14 17:02:34,972 [trainer.py] => CNN top1 curve: [92.31, 86.53, 84.33, 81.75, 79.26]
2025-11-14 17:02:34,972 [trainer.py] => CNN top5 curve: [98.69, 97.12, 94.71, 92.59, 91.52]

2025-11-14 17:02:34,972 [trainer.py] => Average Accuracy (CNN): 84.836
2025-11-14 17:02:34,972 [trainer.py] => Last Average Accuracy: 79.26
2025-11-14 17:02:34,972 [trainer.py] => A_tt: 88.10000000000001
2025-11-14 17:02:34,972 [trainer.py] => All params: 85973889
2025-11-14 17:02:34,973 [trainer.py] => Trainable params: 85973889
2025-11-14 17:02:34,974 [simplecil_mist.py] => Learning on 100-120
2025-11-14 17:02:55,050 [simplecil_mist.py] => Task 5, Epoch 1/20 => Loss 14.312
2025-11-14 17:03:16,522 [simplecil_mist.py] => Task 5, Epoch 2/20 => miLoss 13.920
2025-11-14 17:03:38,050 [simplecil_mist.py] => Task 5, Epoch 3/20 => miLoss 13.717
2025-11-14 17:03:59,536 [simplecil_mist.py] => Task 5, Epoch 4/20 => miLoss 13.630
2025-11-14 17:04:21,043 [simplecil_mist.py] => Task 5, Epoch 5/20 => miLoss 13.508
2025-11-14 17:04:42,619 [simplecil_mist.py] => Task 5, Epoch 6/20 => miLoss 13.429
2025-11-14 17:05:04,162 [simplecil_mist.py] => Task 5, Epoch 7/20 => miLoss 13.513
2025-11-14 17:05:25,645 [simplecil_mist.py] => Task 5, Epoch 8/20 => miLoss 13.388
2025-11-14 17:05:47,222 [simplecil_mist.py] => Task 5, Epoch 9/20 => miLoss 13.312
2025-11-14 17:06:08,724 [simplecil_mist.py] => Task 5, Epoch 10/20 => miLoss 13.300
2025-11-14 17:06:30,236 [simplecil_mist.py] => Task 5, Epoch 11/20 => miLoss 13.254
2025-11-14 17:06:51,785 [simplecil_mist.py] => Task 5, Epoch 12/20 => miLoss 13.231
2025-11-14 17:07:13,310 [simplecil_mist.py] => Task 5, Epoch 13/20 => miLoss 13.193
2025-11-14 17:07:34,811 [simplecil_mist.py] => Task 5, Epoch 14/20 => miLoss 13.204
2025-11-14 17:07:56,298 [simplecil_mist.py] => Task 5, Epoch 15/20 => miLoss 13.250
2025-11-14 17:08:17,850 [simplecil_mist.py] => Task 5, Epoch 16/20 => miLoss 13.221
2025-11-14 17:08:39,370 [simplecil_mist.py] => Task 5, Epoch 17/20 => miLoss 13.224
2025-11-14 17:09:00,854 [simplecil_mist.py] => Task 5, Epoch 18/20 => miLoss 13.122
2025-11-14 17:09:22,331 [simplecil_mist.py] => Task 5, Epoch 19/20 => miLoss 13.029
2025-11-14 17:09:43,861 [simplecil_mist.py] => Task 5, Epoch 20/20 => miLoss 13.129
2025-11-14 17:09:53,073 [trainer.py] => No NME accuracy.
2025-11-14 17:09:53,073 [trainer.py] => CNN: {'total': 78.38, '00-09': 70.98, '10-19': 74.73, '20-29': 73.67, '30-39': 79.82, '40-49': 77.81, '50-59': 75.66, '60-69': 76.85, '70-79': 78.39, '80-89': 79.03, '90-99': 77.97, '100-109': 88.03, '110-119': 86.97, 'old': 76.38, 'new': 87.42}
2025-11-14 17:09:53,073 [trainer.py] => Att_curve: [92.31, 89.24, 88.28, 87.92, 82.75, 87.42]
2025-11-14 17:09:53,073 [trainer.py] => CNN top1 curve: [92.31, 86.53, 84.33, 81.75, 79.26, 78.38]
2025-11-14 17:09:53,073 [trainer.py] => CNN top5 curve: [98.69, 97.12, 94.71, 92.59, 91.52, 91.44]

2025-11-14 17:09:53,073 [trainer.py] => Average Accuracy (CNN): 83.76
2025-11-14 17:09:53,073 [trainer.py] => Last Average Accuracy: 78.38
2025-11-14 17:09:53,073 [trainer.py] => A_tt: 87.98666666666668
2025-11-14 17:09:53,074 [trainer.py] => All params: 85989249
2025-11-14 17:09:53,074 [trainer.py] => Trainable params: 85989249
2025-11-14 17:09:53,075 [simplecil_mist.py] => Learning on 120-140
2025-11-14 17:10:09,133 [simplecil_mist.py] => Task 6, Epoch 1/20 => Loss 14.255
2025-11-14 17:10:26,395 [simplecil_mist.py] => Task 6, Epoch 2/20 => miLoss 13.931
2025-11-14 17:10:43,614 [simplecil_mist.py] => Task 6, Epoch 3/20 => miLoss 13.686
2025-11-14 17:11:00,854 [simplecil_mist.py] => Task 6, Epoch 4/20 => miLoss 13.623
2025-11-14 17:11:18,068 [simplecil_mist.py] => Task 6, Epoch 5/20 => miLoss 13.423
2025-11-14 17:11:35,282 [simplecil_mist.py] => Task 6, Epoch 6/20 => miLoss 13.385
2025-11-14 17:11:52,484 [simplecil_mist.py] => Task 6, Epoch 7/20 => miLoss 13.394
2025-11-14 17:12:09,729 [simplecil_mist.py] => Task 6, Epoch 8/20 => miLoss 13.293
2025-11-14 17:12:26,990 [simplecil_mist.py] => Task 6, Epoch 9/20 => miLoss 13.244
2025-11-14 17:12:44,243 [simplecil_mist.py] => Task 6, Epoch 10/20 => miLoss 13.211
2025-11-14 17:13:01,437 [simplecil_mist.py] => Task 6, Epoch 11/20 => miLoss 13.164
2025-11-14 17:13:18,670 [simplecil_mist.py] => Task 6, Epoch 12/20 => miLoss 13.224
2025-11-14 17:13:35,868 [simplecil_mist.py] => Task 6, Epoch 13/20 => miLoss 13.292
2025-11-14 17:13:53,076 [simplecil_mist.py] => Task 6, Epoch 14/20 => miLoss 13.141
2025-11-14 17:14:10,301 [simplecil_mist.py] => Task 6, Epoch 15/20 => miLoss 13.219
2025-11-14 17:14:27,519 [simplecil_mist.py] => Task 6, Epoch 16/20 => miLoss 13.154
2025-11-14 17:14:44,721 [simplecil_mist.py] => Task 6, Epoch 17/20 => miLoss 13.127
2025-11-14 17:15:01,929 [simplecil_mist.py] => Task 6, Epoch 18/20 => miLoss 13.092
2025-11-14 17:15:19,146 [simplecil_mist.py] => Task 6, Epoch 19/20 => miLoss 12.962
2025-11-14 17:15:36,352 [simplecil_mist.py] => Task 6, Epoch 20/20 => miLoss 13.125
2025-11-14 17:15:45,744 [trainer.py] => No NME accuracy.
2025-11-14 17:15:45,744 [trainer.py] => CNN: {'total': 78.55, '00-09': 70.98, '10-19': 72.58, '20-29': 73.33, '30-39': 78.61, '40-49': 75.17, '50-59': 74.67, '60-69': 75.5, '70-79': 80.22, '80-89': 78.39, '90-99': 77.4, '100-109': 84.15, '110-119': 84.84, '120-129': 88.19, '130-139': 86.91, 'old': 77.15, 'new': 87.52}
2025-11-14 17:15:45,744 [trainer.py] => Att_curve: [92.31, 89.24, 88.28, 87.92, 82.75, 87.42, 87.52]
2025-11-14 17:15:45,744 [trainer.py] => CNN top1 curve: [92.31, 86.53, 84.33, 81.75, 79.26, 78.38, 78.55]
2025-11-14 17:15:45,744 [trainer.py] => CNN top5 curve: [98.69, 97.12, 94.71, 92.59, 91.52, 91.44, 91.1]

2025-11-14 17:15:45,744 [trainer.py] => Average Accuracy (CNN): 83.01571428571428
2025-11-14 17:15:45,744 [trainer.py] => Last Average Accuracy: 78.55
2025-11-14 17:15:45,744 [trainer.py] => A_tt: 87.92
2025-11-14 17:15:45,744 [trainer.py] => All params: 86004609
2025-11-14 17:15:45,745 [trainer.py] => Trainable params: 86004609
2025-11-14 17:15:45,746 [simplecil_mist.py] => Learning on 140-160
2025-11-14 17:16:06,973 [simplecil_mist.py] => Task 7, Epoch 1/20 => Loss 14.179
2025-11-14 17:16:29,714 [simplecil_mist.py] => Task 7, Epoch 2/20 => miLoss 13.905
2025-11-14 17:16:52,422 [simplecil_mist.py] => Task 7, Epoch 3/20 => miLoss 13.638
2025-11-14 17:17:15,144 [simplecil_mist.py] => Task 7, Epoch 4/20 => miLoss 13.467
2025-11-14 17:17:37,910 [simplecil_mist.py] => Task 7, Epoch 5/20 => miLoss 13.504
2025-11-14 17:18:00,621 [simplecil_mist.py] => Task 7, Epoch 6/20 => miLoss 13.443
2025-11-14 17:18:23,373 [simplecil_mist.py] => Task 7, Epoch 7/20 => miLoss 13.249
2025-11-14 17:18:46,058 [simplecil_mist.py] => Task 7, Epoch 8/20 => miLoss 13.308
2025-11-14 17:19:08,736 [simplecil_mist.py] => Task 7, Epoch 9/20 => miLoss 13.318
2025-11-14 17:19:31,457 [simplecil_mist.py] => Task 7, Epoch 10/20 => miLoss 13.258
2025-11-14 17:19:54,174 [simplecil_mist.py] => Task 7, Epoch 11/20 => miLoss 13.152
2025-11-14 17:20:16,853 [simplecil_mist.py] => Task 7, Epoch 12/20 => miLoss 13.225
2025-11-14 17:20:39,572 [simplecil_mist.py] => Task 7, Epoch 13/20 => miLoss 13.115
2025-11-14 17:21:02,356 [simplecil_mist.py] => Task 7, Epoch 14/20 => miLoss 13.143
2025-11-14 17:21:25,048 [simplecil_mist.py] => Task 7, Epoch 15/20 => miLoss 13.136
2025-11-14 17:21:47,840 [simplecil_mist.py] => Task 7, Epoch 16/20 => miLoss 13.118
2025-11-14 17:22:10,531 [simplecil_mist.py] => Task 7, Epoch 17/20 => miLoss 13.099
2025-11-14 17:22:33,241 [simplecil_mist.py] => Task 7, Epoch 18/20 => miLoss 13.085
2025-11-14 17:22:55,961 [simplecil_mist.py] => Task 7, Epoch 19/20 => miLoss 13.125
2025-11-14 17:23:18,743 [simplecil_mist.py] => Task 7, Epoch 20/20 => miLoss 13.039
2025-11-14 17:23:30,072 [trainer.py] => No NME accuracy.
2025-11-14 17:23:30,073 [trainer.py] => CNN: {'total': 77.14, '00-09': 64.04, '10-19': 69.35, '20-29': 74.33, '30-39': 76.81, '40-49': 73.51, '50-59': 73.03, '60-69': 73.83, '70-79': 78.75, '80-89': 74.84, '90-99': 72.32, '100-109': 83.1, '110-119': 78.99, '120-129': 80.81, '130-139': 83.89, '140-149': 86.38, '150-159': 87.29, 'old': 75.46, 'new': 86.83}
2025-11-14 17:23:30,073 [trainer.py] => Att_curve: [92.31, 89.24, 88.28, 87.92, 82.75, 87.42, 87.52, 86.83]
2025-11-14 17:23:30,073 [trainer.py] => CNN top1 curve: [92.31, 86.53, 84.33, 81.75, 79.26, 78.38, 78.55, 77.14]
2025-11-14 17:23:30,073 [trainer.py] => CNN top5 curve: [98.69, 97.12, 94.71, 92.59, 91.52, 91.44, 91.1, 89.18]

2025-11-14 17:23:30,073 [trainer.py] => Average Accuracy (CNN): 82.28125
2025-11-14 17:23:30,073 [trainer.py] => Last Average Accuracy: 77.14
2025-11-14 17:23:30,073 [trainer.py] => A_tt: 87.78375000000001
2025-11-14 17:23:30,074 [trainer.py] => All params: 86019969
2025-11-14 17:23:30,074 [trainer.py] => Trainable params: 86019969
2025-11-14 17:23:30,075 [simplecil_mist.py] => Learning on 160-180
2025-11-14 17:23:44,869 [simplecil_mist.py] => Task 8, Epoch 1/20 => Loss 14.527
2025-11-14 17:24:00,676 [simplecil_mist.py] => Task 8, Epoch 2/20 => miLoss 14.353
2025-11-14 17:24:16,527 [simplecil_mist.py] => Task 8, Epoch 3/20 => miLoss 14.135
2025-11-14 17:24:32,308 [simplecil_mist.py] => Task 8, Epoch 4/20 => miLoss 14.010
2025-11-14 17:24:48,145 [simplecil_mist.py] => Task 8, Epoch 5/20 => miLoss 13.925
2025-11-14 17:25:03,978 [simplecil_mist.py] => Task 8, Epoch 6/20 => miLoss 13.738
2025-11-14 17:25:19,813 [simplecil_mist.py] => Task 8, Epoch 7/20 => miLoss 13.763
2025-11-14 17:25:35,583 [simplecil_mist.py] => Task 8, Epoch 8/20 => miLoss 13.707
2025-11-14 17:25:51,384 [simplecil_mist.py] => Task 8, Epoch 9/20 => miLoss 13.680
2025-11-14 17:26:07,171 [simplecil_mist.py] => Task 8, Epoch 10/20 => miLoss 13.635
2025-11-14 17:26:22,966 [simplecil_mist.py] => Task 8, Epoch 11/20 => miLoss 13.574
2025-11-14 17:26:38,774 [simplecil_mist.py] => Task 8, Epoch 12/20 => miLoss 13.563
2025-11-14 17:26:54,555 [simplecil_mist.py] => Task 8, Epoch 13/20 => miLoss 13.473
2025-11-14 17:27:10,333 [simplecil_mist.py] => Task 8, Epoch 14/20 => miLoss 13.383
2025-11-14 17:27:26,210 [simplecil_mist.py] => Task 8, Epoch 15/20 => miLoss 13.408
2025-11-14 17:27:42,041 [simplecil_mist.py] => Task 8, Epoch 16/20 => miLoss 13.492
2025-11-14 17:27:57,825 [simplecil_mist.py] => Task 8, Epoch 17/20 => miLoss 13.481
2025-11-14 17:28:13,624 [simplecil_mist.py] => Task 8, Epoch 18/20 => miLoss 13.391
2025-11-14 17:28:29,483 [simplecil_mist.py] => Task 8, Epoch 19/20 => miLoss 13.470
2025-11-14 17:28:45,329 [simplecil_mist.py] => Task 8, Epoch 20/20 => miLoss 13.452
2025-11-14 17:28:56,114 [trainer.py] => No NME accuracy.
2025-11-14 17:28:56,114 [trainer.py] => CNN: {'total': 76.07, '00-09': 64.35, '10-19': 68.28, '20-29': 70.0, '30-39': 75.6, '40-49': 69.87, '50-59': 72.04, '60-69': 71.48, '70-79': 76.92, '80-89': 72.26, '90-99': 70.62, '100-109': 80.63, '110-119': 80.32, '120-129': 80.81, '130-139': 82.55, '140-149': 83.11, '150-159': 83.15, '160-169': 78.7, '170-179': 88.71, 'old': 75.32, 'new': 83.89}
2025-11-14 17:28:56,114 [trainer.py] => Att_curve: [92.31, 89.24, 88.28, 87.92, 82.75, 87.42, 87.52, 86.83, 83.89]
2025-11-14 17:28:56,114 [trainer.py] => CNN top1 curve: [92.31, 86.53, 84.33, 81.75, 79.26, 78.38, 78.55, 77.14, 76.07]
2025-11-14 17:28:56,114 [trainer.py] => CNN top5 curve: [98.69, 97.12, 94.71, 92.59, 91.52, 91.44, 91.1, 89.18, 88.82]

2025-11-14 17:28:56,114 [trainer.py] => Average Accuracy (CNN): 81.5911111111111
2025-11-14 17:28:56,114 [trainer.py] => Last Average Accuracy: 76.07
2025-11-14 17:28:56,114 [trainer.py] => A_tt: 87.35111111111112
2025-11-14 17:28:56,115 [trainer.py] => All params: 86035329
2025-11-14 17:28:56,115 [trainer.py] => Trainable params: 86035329
2025-11-14 17:28:56,116 [simplecil_mist.py] => Learning on 180-200
2025-11-14 17:29:13,280 [simplecil_mist.py] => Task 9, Epoch 1/20 => Loss 14.001
2025-11-14 17:29:31,624 [simplecil_mist.py] => Task 9, Epoch 2/20 => miLoss 13.841
2025-11-14 17:29:49,931 [simplecil_mist.py] => Task 9, Epoch 3/20 => miLoss 13.624
2025-11-14 17:30:08,277 [simplecil_mist.py] => Task 9, Epoch 4/20 => miLoss 13.543
2025-11-14 17:30:26,613 [simplecil_mist.py] => Task 9, Epoch 5/20 => miLoss 13.368
2025-11-14 17:30:44,992 [simplecil_mist.py] => Task 9, Epoch 6/20 => miLoss 13.289
2025-11-14 17:31:03,330 [simplecil_mist.py] => Task 9, Epoch 7/20 => miLoss 13.239
2025-11-14 17:31:21,667 [simplecil_mist.py] => Task 9, Epoch 8/20 => miLoss 13.198
2025-11-14 17:31:40,060 [simplecil_mist.py] => Task 9, Epoch 9/20 => miLoss 13.113
2025-11-14 17:31:58,414 [simplecil_mist.py] => Task 9, Epoch 10/20 => miLoss 13.144
2025-11-14 17:32:16,835 [simplecil_mist.py] => Task 9, Epoch 11/20 => miLoss 13.131
2025-11-14 17:32:35,234 [simplecil_mist.py] => Task 9, Epoch 12/20 => miLoss 13.166
2025-11-14 17:32:53,579 [simplecil_mist.py] => Task 9, Epoch 13/20 => miLoss 13.202
2025-11-14 17:33:11,921 [simplecil_mist.py] => Task 9, Epoch 14/20 => miLoss 13.061
2025-11-14 17:33:30,242 [simplecil_mist.py] => Task 9, Epoch 15/20 => miLoss 13.046
2025-11-14 17:33:48,627 [simplecil_mist.py] => Task 9, Epoch 16/20 => miLoss 13.115
2025-11-14 17:34:07,004 [simplecil_mist.py] => Task 9, Epoch 17/20 => miLoss 12.994
2025-11-14 17:34:25,403 [simplecil_mist.py] => Task 9, Epoch 18/20 => miLoss 13.089
2025-11-14 17:34:43,765 [simplecil_mist.py] => Task 9, Epoch 19/20 => miLoss 13.013
2025-11-14 17:35:02,070 [simplecil_mist.py] => Task 9, Epoch 20/20 => miLoss 13.068
2025-11-14 17:35:14,010 [trainer.py] => No NME accuracy.
2025-11-14 17:35:14,010 [trainer.py] => CNN: {'total': 75.2, '00-09': 64.35, '10-19': 65.59, '20-29': 71.0, '30-39': 73.8, '40-49': 66.89, '50-59': 71.38, '60-69': 70.13, '70-79': 75.82, '80-89': 70.0, '90-99': 68.36, '100-109': 77.11, '110-119': 78.99, '120-129': 78.23, '130-139': 81.21, '140-149': 79.84, '150-159': 82.87, '160-169': 70.87, '170-179': 85.89, '180-189': 84.09, '190-199': 86.72, 'old': 74.12, 'new': 85.32}
2025-11-14 17:35:14,010 [trainer.py] => Att_curve: [92.31, 89.24, 88.28, 87.92, 82.75, 87.42, 87.52, 86.83, 83.89, 85.32]
2025-11-14 17:35:14,010 [trainer.py] => CNN top1 curve: [92.31, 86.53, 84.33, 81.75, 79.26, 78.38, 78.55, 77.14, 76.07, 75.2]
2025-11-14 17:35:14,010 [trainer.py] => CNN top5 curve: [98.69, 97.12, 94.71, 92.59, 91.52, 91.44, 91.1, 89.18, 88.82, 88.28]

2025-11-14 17:35:14,010 [trainer.py] => Average Accuracy (CNN): 80.952
2025-11-14 17:35:14,010 [trainer.py] => Last Average Accuracy: 75.2
2025-11-14 17:35:14,010 [trainer.py] => A_tt: 87.148
